<?xml version="1.0"?>
<testsuites>
  <testsuite name="PhantomJS 1.9.2 (Windows 7)" package="" timestamp="2013-11-14T17:33:53" id="0" hostname="NB-romo1" tests="0" errors="1" failures="0" time="0">
    <properties>
      <property name="browser.fullName" value="Mozilla/5.0 (Windows NT 6.1; WOW64) AppleWebKit/534.34 (KHTML, like Gecko) PhantomJS/1.9.2 Safari/534.34"/>
    </properties>
    <system-out><![CDATA[PhantomJS 1.9.2 (Windows 7) LOG: ERROR
 'There is no timestamp for /base/src/js/app/libs/ui!',PhantomJS 1.9.2 (Windows 7) LOG: ERROR
 'There is no timestamp for /base/src/js/app/libs/ui!',PhantomJS 1.9.2 (Windows 7) LOG: ERROR
 'There is no timestamp for /base/src/js/app/libs/calc!',PhantomJS 1.9.2 (Windows 7) LOG: ERROR
 'There is no timestamp for /base/src/js/app/libs/calc!',PhantomJS 1.9.2 (Windows 7) LOG: ERROR
 'There is no timestamp for /base/src/js/app/libs/console!',PhantomJS 1.9.2 (Windows 7) LOG: ERROR
 'There is no timestamp for /base/src/js/app/libs/console!',PhantomJS 1.9.2 (Windows 7) LOG: ERROR
 'There is no timestamp for /base/src/js/app/libs/docs!',PhantomJS 1.9.2 (Windows 7) LOG: ERROR
 'There is no timestamp for /base/src/js/app/libs/docs!',PhantomJS 1.9.2 (Windows 7) LOG: ERROR
 'There is no timestamp for /base/src/js/app/libs/math!',PhantomJS 1.9.2 (Windows 7) LOG: ERROR
 'There is no timestamp for /base/src/js/app/libs/math!',PhantomJS 1.9.2 (Windows 7) ERROR
	ReferenceError: Can't find variable: app
	at d:/web/infrastructure_9_karma/src/js/app/vanilla/app.js:6
,PhantomJS 1.9.2 (Windows 7) ERROR
	TypeError: 'undefined' is not a function (evaluating 'document.querySelectorAll.bind(document)')
	at d:/web/infrastructure_9_karma/src/js/app/vanilla/helpers.js:6
,PhantomJS 1.9.2 (Windows 7) ERROR
	TypeError: 'undefined' is not an object (evaluating 'window.app.Model=Model')
	at d:/web/infrastructure_9_karma/src/js/app/vanilla/model.js:6
,PhantomJS 1.9.2 (Windows 7) ERROR
	TypeError: 'undefined' is not an object (evaluating 'window.app.Store=Store')
	at d:/web/infrastructure_9_karma/src/js/app/vanilla/store.js:6
,PhantomJS 1.9.2 (Windows 7) ERROR
	TypeError: 'undefined' is not an object (evaluating 'window.app.View=View')
	at d:/web/infrastructure_9_karma/src/js/app/vanilla/view.js:6
,PhantomJS 1.9.2 (Windows 7) LOG: ERROR
 'There is no timestamp for /base/src/js/app/vanilla/Store.js!',PhantomJS 1.9.2 (Windows 7) LOG: ERROR
 'There is no timestamp for /base/src/js/app/vanilla/Store.js!'
]]></system-out>
    <system-err/>
  </testsuite>
</testsuites>
